<?xml version="1.0" encoding="UTF-8"?>
<!-- Generated by org.testng.reporters.JUnitReportReporter -->
<testsuite hostname="DESKTOP-FDB4EN5" failures="0" tests="3" name="rahulshettyacademy.tests.submitOrderTest" time="41.299" errors="0" timestamp="2024-09-02T22:47:35 PDT" skipped="0">
  <testcase classname="rahulshettyacademy.tests.submitOrderTest" name="submitOrder" time="24.864"/>
  <testcase classname="rahulshettyacademy.tests.submitOrderTest" name="submitOrder" time="11.372"/>
  <testcase classname="rahulshettyacademy.tests.submitOrderTest" name="orderHistoryTest" time="5.063"/>
</testsuite> <!-- rahulshettyacademy.tests.submitOrderTest -->
