<?xml version="1.0" encoding="UTF-8"?>
<!-- Generated by org.testng.reporters.JUnitReportReporter -->
<testsuite hostname="DESKTOP-FDB4EN5" failures="0" tests="3" name="rahulshettyacademy.tests.submitOrderTest" time="68.102" errors="0" timestamp="2024-09-05T09:25:14 PDT" skipped="0">
  <testcase classname="rahulshettyacademy.tests.submitOrderTest" name="submitOrder" time="28.260"/>
  <testcase classname="rahulshettyacademy.tests.submitOrderTest" name="submitOrder" time="26.594"/>
  <testcase classname="rahulshettyacademy.tests.submitOrderTest" name="orderHistoryTest" time="13.248"/>
</testsuite> <!-- rahulshettyacademy.tests.submitOrderTest -->
